Using pre-set license
Built from '2020.3/staging' branch; Version is '2020.3.18f1 (a7d1c678663c) revision 10998214'; Using compiler version '192528614'; Build Type 'Release'
OS: 'Windows 10 Home; OS build 19042.1415; Version 2009; 64bit' Language: 'en' Physical Memory: 3992 MB
BatchMode: 1, IsHumanControllingUs: 0, StartBugReporterOnCrash: 0, Is64bit: 1, IsPro: 0

COMMAND LINE ARGUMENTS:
C:\Program Files\Unity\Hub\Editor\2020.3.18f1\Editor\Unity.exe
-adb2
-batchMode
-noUpm
-name
AssetImportWorker0
-projectPath
C:/Users/boys/Documents/GithubProjects/Ends-Meet/Ends Meet(Github)
-logFile
Logs/AssetImportWorker0.log
-srvPort
63466
Successfully changed project path to: C:/Users/boys/Documents/GithubProjects/Ends-Meet/Ends Meet(Github)
C:/Users/boys/Documents/GithubProjects/Ends-Meet/Ends Meet(Github)
Using Asset Import Pipeline V2.
Refreshing native plugins compatible for Editor in 96.24 ms, found 3 plugins.
Preloading 0 native plugins for Editor in 0.00 ms.
Initialize engine version: 2020.3.18f1 (a7d1c678663c)
[Subsystems] Discovering subsystems at path C:/Program Files/Unity/Hub/Editor/2020.3.18f1/Editor/Data/Resources/UnitySubsystems
[Subsystems] Discovering subsystems at path C:/Users/boys/Documents/GithubProjects/Ends-Meet/Ends Meet(Github)/Assets
GfxDevice: creating device client; threaded=0
Direct3D:
    Version:  Direct3D 11.0 [level 11.0]
    Renderer: AMD Radeon HD 6700 Series (ID=0x68ba)
    Vendor:   
    VRAM:     1014 MB
    Driver:   15.201.1151.1008
Initialize mono
Mono path[0] = 'C:/Program Files/Unity/Hub/Editor/2020.3.18f1/Editor/Data/Managed'
Mono path[1] = 'C:/Program Files/Unity/Hub/Editor/2020.3.18f1/Editor/Data/MonoBleedingEdge/lib/mono/unityjit'
Mono config path = 'C:/Program Files/Unity/Hub/Editor/2020.3.18f1/Editor/Data/MonoBleedingEdge/etc'
Using monoOptions --debugger-agent=transport=dt_socket,embedding=1,server=y,suspend=n,address=127.0.0.1:56388
Begin MonoManager ReloadAssembly
Registering precompiled unity dll's ...
Register platform support module: C:/Program Files/Unity/Hub/Editor/2020.3.18f1/Editor/Data/PlaybackEngines/WebGLSupport/UnityEditor.WebGL.Extensions.dll
Register platform support module: C:/Program Files/Unity/Hub/Editor/2020.3.18f1/Editor/Data/PlaybackEngines/WindowsStandaloneSupport/UnityEditor.WindowsStandalone.Extensions.dll
Registered in 0.008468 seconds.
Native extension for WindowsStandalone target not found
Native extension for WebGL target not found
Refreshing native plugins compatible for Editor in 52.19 ms, found 3 plugins.
Preloading 0 native plugins for Editor in 0.00 ms.
Mono: successfully reloaded assembly
- Completed reload, in  3.619 seconds
Domain Reload Profiling:
	ReloadAssembly (3620ms)
		BeginReloadAssembly (185ms)
			ExecutionOrderSort (0ms)
			DisableScriptedObjects (0ms)
			BackupInstance (0ms)
			ReleaseScriptingObjects (0ms)
			CreateAndSetChildDomain (3ms)
		EndReloadAssembly (1017ms)
			LoadAssemblies (179ms)
			RebuildTransferFunctionScriptingTraits (0ms)
			SetupTypeCache (301ms)
			ReleaseScriptCaches (0ms)
			RebuildScriptCaches (59ms)
			SetupLoadedEditorAssemblies (454ms)
				LogAssemblyErrors (0ms)
				InitializePlatformSupportModulesInManaged (16ms)
				SetLoadedEditorAssemblies (1ms)
				RefreshPlugins (53ms)
				BeforeProcessingInitializeOnLoad (39ms)
				ProcessInitializeOnLoadAttributes (255ms)
				ProcessInitializeOnLoadMethodAttributes (91ms)
				AfterProcessingInitializeOnLoad (0ms)
				EditorAssembliesLoaded (1ms)
			ExecutionOrderSort2 (0ms)
			AwakeInstancesAfterBackupRestoration (0ms)
Platform modules already initialized, skipping
Registering precompiled user dll's ...
Registered in 0.012521 seconds.
Begin MonoManager ReloadAssembly
Failed loading assembly 'Assets/Plugins/Mono.Data.Sqlite.dll' reason: File does not contain a valid CIL image
Loading assembly failed: "Assets/Plugins/Mono.Data.Sqlite.dll" reason: File does not contain a valid CIL image
Native extension for WindowsStandalone target not found
Native extension for WebGL target not found
Refreshing native plugins compatible for Editor in 0.62 ms, found 3 plugins.
Preloading 0 native plugins for Editor in 0.00 ms.
Mono: successfully reloaded assembly
- Completed reload, in  2.578 seconds
Domain Reload Profiling:
	ReloadAssembly (2582ms)
		BeginReloadAssembly (370ms)
			ExecutionOrderSort (0ms)
			DisableScriptedObjects (24ms)
			BackupInstance (0ms)
			ReleaseScriptingObjects (0ms)
			CreateAndSetChildDomain (36ms)
		EndReloadAssembly (2058ms)
			LoadAssemblies (281ms)
			RebuildTransferFunctionScriptingTraits (0ms)
			SetupTypeCache (536ms)
			ReleaseScriptCaches (1ms)
			RebuildScriptCaches (80ms)
			SetupLoadedEditorAssemblies (940ms)
				LogAssemblyErrors (0ms)
				InitializePlatformSupportModulesInManaged (23ms)
				SetLoadedEditorAssemblies (2ms)
				RefreshPlugins (1ms)
				BeforeProcessingInitializeOnLoad (233ms)
				ProcessInitializeOnLoadAttributes (651ms)
				ProcessInitializeOnLoadMethodAttributes (13ms)
				AfterProcessingInitializeOnLoad (17ms)
				EditorAssembliesLoaded (1ms)
			ExecutionOrderSort2 (0ms)
			AwakeInstancesAfterBackupRestoration (23ms)
Platform modules already initialized, skipping
Assertion failed on expression: 'reloadOk'
========================================================================
Worker process is ready to serve import requests
Launched and connected shader compiler UnityShaderCompiler.exe after 0.12 seconds
Refreshing native plugins compatible for Editor in 55.18 ms, found 3 plugins.
Preloading 0 native plugins for Editor in 0.00 ms.
Unloading 1411 Unused Serialized files (Serialized files now loaded: 0)
System memory in use before: 65.3 MB.
System memory in use after: 65.3 MB.

Unloading 18 unused Assets to reduce memory usage. Loaded Objects now: 1844.
Total: 5.039467 ms (FindLiveObjects: 0.373022 ms CreateObjectMapping: 0.101689 ms MarkObjects: 4.451334 ms  DeleteObjects: 0.095822 ms)

AssetImportParameters requested are different than current active one (requested -> active):
  custom:framework-win-MediaFoundation: 216162199b28c13a410421893ffa2e32 -> 
  custom:video-decoder-ogg-theora: a1e56fd34408186e4bbccfd4996cb3dc -> 
  custom:container-muxer-webm: aa71ff27fc2769a1b78a27578f13a17b -> 
  custom:container-demuxer-webm: 4f35f7cbe854078d1ac9338744f61a02 -> 
  custom:container-demuxer-ogg: 62fdf1f143b41e24485cea50d1cbac27 -> 
  custom:video-encoder-webm-vp8: eb34c28f22e8b96e1ab97ce403110664 -> 
  custom:video-decoder-webm-vp8: 9c59270c3fd7afecdb556c50c9e8de78 -> 
  custom:audio-decoder-ogg-vorbis: bf7c407c2cedff20999df2af8eb42d56 -> 
  custom:audio-encoder-webm-vorbis: bf7c407c2cedff20999df2af8eb42d56 -> 
========================================================================
Received Import Request.
  path: Assets/CubeMob.prefab
  artifactKey: Guid(65ee76dbee7fe3f4a924089c0ef5b787) Importer(815301076,1909f56bfc062723c751e8b465ee728b)
Start importing Assets/CubeMob.prefab using Guid(65ee76dbee7fe3f4a924089c0ef5b787) Importer(815301076,1909f56bfc062723c751e8b465ee728b)  -> (artifact id: 'fad306aace99da50c75684083eaf1302') in 0.861628 seconds 
  Import took 0.906358 seconds .

========================================================================
Received Import Request.
  Time since last request: 0.031730 seconds.
  path: Assets/StatsBackground.png
  artifactKey: Guid(bf4a607ad143d924f9e3e53bb33fb090) Importer(815301076,1909f56bfc062723c751e8b465ee728b)
Start importing Assets/StatsBackground.png using Guid(bf4a607ad143d924f9e3e53bb33fb090) Importer(815301076,1909f56bfc062723c751e8b465ee728b)  -> (artifact id: 'c17c719d47f4f1c5cc9ccd81cc017fa2') in 0.966037 seconds 
  Import took 1.088500 seconds .

========================================================================
Received Import Request.
  Time since last request: 0.015707 seconds.
  path: Assets/GrassTerrainTexture.mat
  artifactKey: Guid(b5eebc519c749024a8af3c154e388c1a) Importer(815301076,1909f56bfc062723c751e8b465ee728b)
Start importing Assets/GrassTerrainTexture.mat using Guid(b5eebc519c749024a8af3c154e388c1a) Importer(815301076,1909f56bfc062723c751e8b465ee728b)  -> (artifact id: '762b581aef4e85c1b41f5504a0435d15') in 0.572836 seconds 
  Import took 0.807579 seconds .

========================================================================
Received Import Request.
  Time since last request: 0.031154 seconds.
  path: Assets/GrassTerrain.jpg
  artifactKey: Guid(8df025c507fcb5540b8ebe9668e48271) Importer(815301076,1909f56bfc062723c751e8b465ee728b)
Start importing Assets/GrassTerrain.jpg using Guid(8df025c507fcb5540b8ebe9668e48271) Importer(815301076,1909f56bfc062723c751e8b465ee728b)  -> (artifact id: '5a8839d5b49046c5aef3e48297c0e44c') in 0.126447 seconds 
  Import took 0.267808 seconds .

========================================================================
Received Import Request.
  Time since last request: 0.062851 seconds.
  path: Assets/Background.png
  artifactKey: Guid(89b5d7d38d258c141af06d97b447571c) Importer(815301076,1909f56bfc062723c751e8b465ee728b)
Start importing Assets/Background.png using Guid(89b5d7d38d258c141af06d97b447571c) Importer(815301076,1909f56bfc062723c751e8b465ee728b)  -> (artifact id: '608cec81d11fef072104f32ea18d8f68') in 0.149466 seconds 
  Import took 0.426682 seconds .

========================================================================
Received Import Request.
  Time since last request: 0.013737 seconds.
  path: Assets/Knight.prefab
  artifactKey: Guid(8db7cf77e82be3f4ba66cd5839cd83e0) Importer(815301076,1909f56bfc062723c751e8b465ee728b)
Start importing Assets/Knight.prefab using Guid(8db7cf77e82be3f4ba66cd5839cd83e0) Importer(815301076,1909f56bfc062723c751e8b465ee728b)  -> (artifact id: 'ce564c1c800a9833152e12275eb8c8b4') in 0.098136 seconds 
  Import took 0.112579 seconds .

========================================================================
Received Import Request.
  Time since last request: 0.000606 seconds.
  path: Assets/Scenes/CharacterSelection.unity
  artifactKey: Guid(a87e826460227a148b41bd0f1d9d3270) Importer(815301076,1909f56bfc062723c751e8b465ee728b)
Start importing Assets/Scenes/CharacterSelection.unity using Guid(a87e826460227a148b41bd0f1d9d3270) Importer(815301076,1909f56bfc062723c751e8b465ee728b)  -> (artifact id: '66c533f272dfdfb41a67eab2bbc63518') in 0.006961 seconds 
  Import took 0.012834 seconds .

========================================================================
Received Import Request.
  Time since last request: 0.000810 seconds.
  path: Assets/PlayerCam1.prefab
  artifactKey: Guid(2f07cf7e513e6f541b6366a41cea89bc) Importer(815301076,1909f56bfc062723c751e8b465ee728b)
Start importing Assets/PlayerCam1.prefab using Guid(2f07cf7e513e6f541b6366a41cea89bc) Importer(815301076,1909f56bfc062723c751e8b465ee728b)  -> (artifact id: 'df9ca4b41ab063337188ba6ef135c5ee') in 0.010741 seconds 
  Import took 0.029942 seconds .

========================================================================
Received Import Request.
  Time since last request: 0.000657 seconds.
  path: Assets/Wave 1.asset
  artifactKey: Guid(2318149fe7ae569418cc7b34e689cd78) Importer(815301076,1909f56bfc062723c751e8b465ee728b)
Start importing Assets/Wave 1.asset using Guid(2318149fe7ae569418cc7b34e689cd78) Importer(815301076,1909f56bfc062723c751e8b465ee728b)  -> (artifact id: '0cb9764f50b906a5bca008f55ee8e4d9') in 0.010138 seconds 
  Import took 0.015759 seconds .

========================================================================
Received Import Request.
  Time since last request: 0.000672 seconds.
  path: Assets/Scenes/Game.unity
  artifactKey: Guid(9fc0d4010bbf28b4594072e72b8655ab) Importer(815301076,1909f56bfc062723c751e8b465ee728b)
Start importing Assets/Scenes/Game.unity using Guid(9fc0d4010bbf28b4594072e72b8655ab) Importer(815301076,1909f56bfc062723c751e8b465ee728b)  -> (artifact id: '6b83dae9ff3b82ffff29e706e433edb1') in 0.006010 seconds 
  Import took 0.011077 seconds .

========================================================================
Received Import Request.
  Time since last request: 11.287849 seconds.
  path: Assets/Scenes/MainMenu.unity
  artifactKey: Guid(976f6b90dd237d04aa824f1ee3c8091e) Importer(815301076,1909f56bfc062723c751e8b465ee728b)
Start importing Assets/Scenes/MainMenu.unity using Guid(976f6b90dd237d04aa824f1ee3c8091e) Importer(815301076,1909f56bfc062723c751e8b465ee728b)  -> (artifact id: 'c7d509fb09e390dbcec3c8960542282c') in 0.006380 seconds 
  Import took 0.012238 seconds .

